IMAGE 400 1.0/1.0
CAM (1.6 0.0 0.0) (0.0 0.0 0.0) (0 1 0) 90.0
AA 1
DEPTH 50
BLUR 0.0
SPHERE (-0.015627944940923608 -0.02 -0.022706124919940188) 0.02 (LAM -0.015627944940923608 -0.02 -0.022706124919940188)
SPHERE (-0.031255889881847215 -0.04 -0.045412249839880375) 0.02 (LAM -0.031255889881847215 -0.04 -0.045412249839880375)
SPHERE (-0.04688383482277082 -0.06 -0.06811837475982056) 0.02 (LAM -0.04688383482277082 -0.06 -0.06811837475982056)
SPHERE (-0.06251177976369443 -0.08 -0.09082449967976075) 0.02 (LAM -0.06251177976369443 -0.08 -0.09082449967976075)
SPHERE (-0.07813972470461804 -0.1 -0.11353062459970094) 0.02 (LAM -0.07813972470461804 -0.1 -0.11353062459970094)
SPHERE (-0.09376766964554165 -0.12 -0.13623674951964113) 0.02 (LAM -0.09376766964554165 -0.12 -0.13623674951964113)
SPHERE (-0.10939561458646527 -0.14 -0.1589428744395813) 0.02 (LAM -0.10939561458646527 -0.14 -0.1589428744395813)
SPHERE (-0.12502355952738886 -0.16 -0.1816489993595215) 0.02 (LAM -0.12502355952738886 -0.16 -0.1816489993595215)
SPHERE (-0.14065150446831245 -0.18 -0.20435512427946168) 0.02 (LAM -0.14065150446831245 -0.18 -0.20435512427946168)
SPHERE (-0.15627944940923608 -0.2 -0.22706124919940188) 0.02 (LAM -0.15627944940923608 -0.2 -0.22706124919940188)
SPHERE (-0.1719073943501597 -0.22 -0.24976737411934205) 0.02 (LAM -0.1719073943501597 -0.22 -0.24976737411934205)
SPHERE (-0.1875353392910833 -0.24 -0.27247349903928225) 0.02 (LAM -0.1875353392910833 -0.24 -0.27247349903928225)
SPHERE (-0.2031632842320069 -0.26 -0.2951796239592224) 0.02 (LAM -0.2031632842320069 -0.26 -0.2951796239592224)
SPHERE (-0.21879122917293053 -0.28 -0.3178857488791626) 0.02 (LAM -0.21879122917293053 -0.28 -0.3178857488791626)
SPHERE (-0.2344191741138541 -0.3 -0.34059187379910283) 0.02 (LAM -0.2344191741138541 -0.3 -0.34059187379910283)
SPHERE (-0.2500471190547777 -0.32 -0.363297998719043) 0.02 (LAM -0.2500471190547777 -0.32 -0.363297998719043)
SPHERE (-0.26567506399570134 -0.34 -0.3860041236389831) 0.02 (LAM -0.26567506399570134 -0.34 -0.3860041236389831)
SPHERE (-0.2813030089366249 -0.36 -0.40871024855892335) 0.02 (LAM -0.2813030089366249 -0.36 -0.40871024855892335)
SPHERE (-0.29693095387754853 -0.38 -0.4314163734788636) 0.02 (LAM -0.29693095387754853 -0.38 -0.4314163734788636)
SPHERE (-0.31255889881847215 -0.4 -0.45412249839880375) 0.02 (LAM -0.31255889881847215 -0.4 -0.45412249839880375)
SPHERE (-0.3281868437593958 -0.42 -0.47682862331874387) 0.02 (LAM -0.3281868437593958 -0.42 -0.47682862331874387)
SPHERE (-0.3438147887003194 -0.44 -0.4995347482386841) 0.02 (LAM -0.3438147887003194 -0.44 -0.4995347482386841)
SPHERE (-0.359442733641243 -0.46 -0.5222408731586243) 0.02 (LAM -0.359442733641243 -0.46 -0.5222408731586243)
SPHERE (-0.3750706785821666 -0.48 -0.5449469980785645) 0.02 (LAM -0.3750706785821666 -0.48 -0.5449469980785645)
SPHERE (-0.39069862352309026 -0.5 -0.5676531229985047) 0.02 (LAM -0.39069862352309026 -0.5 -0.5676531229985047)
SPHERE (-0.4063265684640138 -0.52 -0.5903592479184449) 0.02 (LAM -0.4063265684640138 -0.52 -0.5903592479184449)
SPHERE (-0.4219545134049374 -0.54 -0.6130653728383851) 0.02 (LAM -0.4219545134049374 -0.54 -0.6130653728383851)
SPHERE (-0.43758245834586107 -0.56 -0.6357714977583252) 0.02 (LAM -0.43758245834586107 -0.56 -0.6357714977583252)
SPHERE (-0.45321040328678464 -0.58 -0.6584776226782654) 0.02 (LAM -0.45321040328678464 -0.58 -0.6584776226782654)
SPHERE (-0.4688383482277082 -0.6 -0.6811837475982057) 0.02 (LAM -0.4688383482277082 -0.6 -0.6811837475982057)
SPHERE (-0.4844662931686319 -0.62 -0.7038898725181458) 0.02 (LAM -0.4844662931686319 -0.62 -0.7038898725181458)
SPHERE (-0.5000942381095554 -0.64 -0.726595997438086) 0.02 (LAM -0.5000942381095554 -0.64 -0.726595997438086)
SPHERE (-0.515722183050479 -0.66 -0.7493021223580262) 0.02 (LAM -0.515722183050479 -0.66 -0.7493021223580262)
SPHERE (-0.5313501279914027 -0.68 -0.7720082472779662) 0.02 (LAM -0.5313501279914027 -0.68 -0.7720082472779662)
SPHERE (-0.5469780729323263 -0.7 -0.7947143721979066) 0.02 (LAM -0.5469780729323263 -0.7 -0.7947143721979066)
SPHERE (-0.5626060178732498 -0.72 -0.8174204971178467) 0.02 (LAM -0.5626060178732498 -0.72 -0.8174204971178467)
SPHERE (-0.5782339628141735 -0.74 -0.8401266220377869) 0.02 (LAM -0.5782339628141735 -0.74 -0.8401266220377869)
SPHERE (-0.5938619077550971 -0.76 -0.8628327469577272) 0.02 (LAM -0.5938619077550971 -0.76 -0.8628327469577272)
SPHERE (-0.6094898526960207 -0.78 -0.8855388718776673) 0.02 (LAM -0.6094898526960207 -0.78 -0.8855388718776673)
SPHERE (-0.6251177976369443 -0.8 -0.9082449967976075) 0.02 (LAM -0.6251177976369443 -0.8 -0.9082449967976075)
SPHERE (-0.640745742577868 -0.82 -0.9309511217175477) 0.02 (LAM -0.640745742577868 -0.82 -0.9309511217175477)
SPHERE (-0.6563736875187915 -0.84 -0.9536572466374877) 0.02 (LAM -0.6563736875187915 -0.84 -0.9536572466374877)
SPHERE (-0.6720016324597151 -0.86 -0.976363371557428) 0.02 (LAM -0.6720016324597151 -0.86 -0.976363371557428)
SPHERE (-0.6876295774006388 -0.88 -0.9990694964773682) 0.02 (LAM -0.6876295774006388 -0.88 -0.9990694964773682)
SPHERE (-0.7032575223415624 -0.9 -1.0217756213973084) 0.02 (LAM -0.7032575223415624 -0.9 -1.0217756213973084)
SPHERE (-0.718885467282486 -0.92 -1.0444817463172487) 0.02 (LAM -0.718885467282486 -0.92 -1.0444817463172487)
SPHERE (-0.7345134122234096 -0.94 -1.0671878712371887) 0.02 (LAM -0.7345134122234096 -0.94 -1.0671878712371887)
SPHERE (-0.7501413571643332 -0.96 -1.089893996157129) 0.02 (LAM -0.7501413571643332 -0.96 -1.089893996157129)
SPHERE (-0.7657693021052567 -0.98 -1.112600121077069) 0.02 (LAM -0.7657693021052567 -0.98 -1.112600121077069)
SPHERE (-0.023574718172726054 -0.02 0.01491775807376718) 0.02 (LAM -0.023574718172726054 -0.02 0.01491775807376718)
SPHERE (-0.04714943634545211 -0.04 0.02983551614753436) 0.02 (LAM -0.04714943634545211 -0.04 0.02983551614753436)
SPHERE (-0.07072415451817816 -0.06 0.04475327422130154) 0.02 (LAM -0.07072415451817816 -0.06 0.04475327422130154)
SPHERE (-0.09429887269090421 -0.08 0.05967103229506872) 0.02 (LAM -0.09429887269090421 -0.08 0.05967103229506872)
SPHERE (-0.11787359086363028 -0.1 0.0745887903688359) 0.02 (LAM -0.11787359086363028 -0.1 0.0745887903688359)
SPHERE (-0.14144830903635633 -0.12 0.08950654844260308) 0.02 (LAM -0.14144830903635633 -0.12 0.08950654844260308)
SPHERE (-0.1650230272090824 -0.14 0.10442430651637025) 0.02 (LAM -0.1650230272090824 -0.14 0.10442430651637025)
SPHERE (-0.18859774538180843 -0.16 0.11934206459013744) 0.02 (LAM -0.18859774538180843 -0.16 0.11934206459013744)
SPHERE (-0.21217246355453448 -0.18 0.13425982266390463) 0.02 (LAM -0.21217246355453448 -0.18 0.13425982266390463)
SPHERE (-0.23574718172726056 -0.2 0.1491775807376718) 0.02 (LAM -0.23574718172726056 -0.2 0.1491775807376718)
SPHERE (-0.2593218998999866 -0.22 0.16409533881143898) 0.02 (LAM -0.2593218998999866 -0.22 0.16409533881143898)
SPHERE (-0.28289661807271266 -0.24 0.17901309688520617) 0.02 (LAM -0.28289661807271266 -0.24 0.17901309688520617)
SPHERE (-0.3064713362454387 -0.26 0.19393085495897336) 0.02 (LAM -0.3064713362454387 -0.26 0.19393085495897336)
SPHERE (-0.3300460544181648 -0.28 0.2088486130327405) 0.02 (LAM -0.3300460544181648 -0.28 0.2088486130327405)
SPHERE (-0.35362077259089086 -0.3 0.22376637110650768) 0.02 (LAM -0.35362077259089086 -0.3 0.22376637110650768)
SPHERE (-0.37719549076361686 -0.32 0.23868412918027487) 0.02 (LAM -0.37719549076361686 -0.32 0.23868412918027487)
SPHERE (-0.4007702089363429 -0.34 0.2536018872540421) 0.02 (LAM -0.4007702089363429 -0.34 0.2536018872540421)
SPHERE (-0.42434492710906896 -0.36 0.26851964532780925) 0.02 (LAM -0.42434492710906896 -0.36 0.26851964532780925)
SPHERE (-0.44791964528179506 -0.38 0.2834374034015764) 0.02 (LAM -0.44791964528179506 -0.38 0.2834374034015764)
SPHERE (-0.4714943634545211 -0.4 0.2983551614753436) 0.02 (LAM -0.4714943634545211 -0.4 0.2983551614753436)
SPHERE (-0.4950690816272471 -0.42 0.3132729195491108) 0.02 (LAM -0.4950690816272471 -0.42 0.3132729195491108)
SPHERE (-0.5186437997999732 -0.44 0.32819067762287796) 0.02 (LAM -0.5186437997999732 -0.44 0.32819067762287796)
SPHERE (-0.5422185179726993 -0.46 0.3431084356966451) 0.02 (LAM -0.5422185179726993 -0.46 0.3431084356966451)
SPHERE (-0.5657932361454253 -0.48 0.35802619377041234) 0.02 (LAM -0.5657932361454253 -0.48 0.35802619377041234)
SPHERE (-0.5893679543181514 -0.5 0.3729439518441795) 0.02 (LAM -0.5893679543181514 -0.5 0.3729439518441795)
SPHERE (-0.6129426724908774 -0.52 0.3878617099179467) 0.02 (LAM -0.6129426724908774 -0.52 0.3878617099179467)
SPHERE (-0.6365173906636035 -0.54 0.4027794679917139) 0.02 (LAM -0.6365173906636035 -0.54 0.4027794679917139)
SPHERE (-0.6600921088363296 -0.56 0.417697226065481) 0.02 (LAM -0.6600921088363296 -0.56 0.417697226065481)
SPHERE (-0.6836668270090556 -0.58 0.4326149841392482) 0.02 (LAM -0.6836668270090556 -0.58 0.4326149841392482)
SPHERE (-0.7072415451817817 -0.6 0.44753274221301537) 0.02 (LAM -0.7072415451817817 -0.6 0.44753274221301537)
SPHERE (-0.7308162633545077 -0.62 0.4624505002867826) 0.02 (LAM -0.7308162633545077 -0.62 0.4624505002867826)
SPHERE (-0.7543909815272337 -0.64 0.47736825836054975) 0.02 (LAM -0.7543909815272337 -0.64 0.47736825836054975)
SPHERE (-0.7779656996999599 -0.66 0.49228601643431696) 0.02 (LAM -0.7779656996999599 -0.66 0.49228601643431696)
SPHERE (-0.8015404178726858 -0.68 0.5072037745080842) 0.02 (LAM -0.8015404178726858 -0.68 0.5072037745080842)
SPHERE (-0.825115136045412 -0.7 0.5221215325818513) 0.02 (LAM -0.825115136045412 -0.7 0.5221215325818513)
SPHERE (-0.8486898542181379 -0.72 0.5370392906556185) 0.02 (LAM -0.8486898542181379 -0.72 0.5370392906556185)
SPHERE (-0.872264572390864 -0.74 0.5519570487293857) 0.02 (LAM -0.872264572390864 -0.74 0.5519570487293857)
SPHERE (-0.8958392905635901 -0.76 0.5668748068031528) 0.02 (LAM -0.8958392905635901 -0.76 0.5668748068031528)
SPHERE (-0.9194140087363161 -0.78 0.58179256487692) 0.02 (LAM -0.9194140087363161 -0.78 0.58179256487692)
SPHERE (-0.9429887269090422 -0.8 0.5967103229506872) 0.02 (LAM -0.9429887269090422 -0.8 0.5967103229506872)
SPHERE (-0.9665634450817683 -0.82 0.6116280810244544) 0.02 (LAM -0.9665634450817683 -0.82 0.6116280810244544)
SPHERE (-0.9901381632544942 -0.84 0.6265458390982216) 0.02 (LAM -0.9901381632544942 -0.84 0.6265458390982216)
SPHERE (-1.0137128814272203 -0.86 0.6414635971719888) 0.02 (LAM -1.0137128814272203 -0.86 0.6414635971719888)
SPHERE (-1.0372875995999464 -0.88 0.6563813552457559) 0.02 (LAM -1.0372875995999464 -0.88 0.6563813552457559)
SPHERE (-1.0608623177726724 -0.9 0.6712991133195232) 0.02 (LAM -1.0608623177726724 -0.9 0.6712991133195232)
SPHERE (-1.0844370359453985 -0.92 0.6862168713932902) 0.02 (LAM -1.0844370359453985 -0.92 0.6862168713932902)
SPHERE (-1.1080117541181245 -0.94 0.7011346294670575) 0.02 (LAM -1.1080117541181245 -0.94 0.7011346294670575)
SPHERE (-1.1315864722908506 -0.96 0.7160523875408247) 0.02 (LAM -1.1315864722908506 -0.96 0.7160523875408247)
SPHERE (-1.1551611904635768 -0.98 0.7309701456145917) 0.02 (LAM -1.1551611904635768 -0.98 0.7309701456145917)
SPHERE (-0.015627944940923608 0.02 -0.022706124919940188) 0.02 (LAM -0.015627944940923608 0.02 -0.022706124919940188)
SPHERE (-0.031255889881847215 0.04 -0.045412249839880375) 0.02 (LAM -0.031255889881847215 0.04 -0.045412249839880375)
SPHERE (-0.04688383482277082 0.06 -0.06811837475982056) 0.02 (LAM -0.04688383482277082 0.06 -0.06811837475982056)
SPHERE (-0.06251177976369443 0.08 -0.09082449967976075) 0.02 (LAM -0.06251177976369443 0.08 -0.09082449967976075)
SPHERE (-0.07813972470461804 0.1 -0.11353062459970094) 0.02 (LAM -0.07813972470461804 0.1 -0.11353062459970094)
SPHERE (-0.09376766964554165 0.12 -0.13623674951964113) 0.02 (LAM -0.09376766964554165 0.12 -0.13623674951964113)
SPHERE (-0.10939561458646527 0.14 -0.1589428744395813) 0.02 (LAM -0.10939561458646527 0.14 -0.1589428744395813)
SPHERE (-0.12502355952738886 0.16 -0.1816489993595215) 0.02 (LAM -0.12502355952738886 0.16 -0.1816489993595215)
SPHERE (-0.14065150446831245 0.18 -0.20435512427946168) 0.02 (LAM -0.14065150446831245 0.18 -0.20435512427946168)
SPHERE (-0.15627944940923608 0.2 -0.22706124919940188) 0.02 (LAM -0.15627944940923608 0.2 -0.22706124919940188)
SPHERE (-0.1719073943501597 0.22 -0.24976737411934205) 0.02 (LAM -0.1719073943501597 0.22 -0.24976737411934205)
SPHERE (-0.1875353392910833 0.24 -0.27247349903928225) 0.02 (LAM -0.1875353392910833 0.24 -0.27247349903928225)
SPHERE (-0.2031632842320069 0.26 -0.2951796239592224) 0.02 (LAM -0.2031632842320069 0.26 -0.2951796239592224)
SPHERE (-0.21879122917293053 0.28 -0.3178857488791626) 0.02 (LAM -0.21879122917293053 0.28 -0.3178857488791626)
SPHERE (-0.2344191741138541 0.3 -0.34059187379910283) 0.02 (LAM -0.2344191741138541 0.3 -0.34059187379910283)
SPHERE (-0.2500471190547777 0.32 -0.363297998719043) 0.02 (LAM -0.2500471190547777 0.32 -0.363297998719043)
SPHERE (-0.26567506399570134 0.34 -0.3860041236389831) 0.02 (LAM -0.26567506399570134 0.34 -0.3860041236389831)
SPHERE (-0.2813030089366249 0.36 -0.40871024855892335) 0.02 (LAM -0.2813030089366249 0.36 -0.40871024855892335)
SPHERE (-0.29693095387754853 0.38 -0.4314163734788636) 0.02 (LAM -0.29693095387754853 0.38 -0.4314163734788636)
SPHERE (-0.31255889881847215 0.4 -0.45412249839880375) 0.02 (LAM -0.31255889881847215 0.4 -0.45412249839880375)
SPHERE (-0.3281868437593958 0.42 -0.47682862331874387) 0.02 (LAM -0.3281868437593958 0.42 -0.47682862331874387)
SPHERE (-0.3438147887003194 0.44 -0.4995347482386841) 0.02 (LAM -0.3438147887003194 0.44 -0.4995347482386841)
SPHERE (-0.359442733641243 0.46 -0.5222408731586243) 0.02 (LAM -0.359442733641243 0.46 -0.5222408731586243)
SPHERE (-0.3750706785821666 0.48 -0.5449469980785645) 0.02 (LAM -0.3750706785821666 0.48 -0.5449469980785645)
SPHERE (-0.39069862352309026 0.5 -0.5676531229985047) 0.02 (LAM -0.39069862352309026 0.5 -0.5676531229985047)
SPHERE (-0.4063265684640138 0.52 -0.5903592479184449) 0.02 (LAM -0.4063265684640138 0.52 -0.5903592479184449)
SPHERE (-0.4219545134049374 0.54 -0.6130653728383851) 0.02 (LAM -0.4219545134049374 0.54 -0.6130653728383851)
SPHERE (-0.43758245834586107 0.56 -0.6357714977583252) 0.02 (LAM -0.43758245834586107 0.56 -0.6357714977583252)
SPHERE (-0.45321040328678464 0.58 -0.6584776226782654) 0.02 (LAM -0.45321040328678464 0.58 -0.6584776226782654)
SPHERE (-0.4688383482277082 0.6 -0.6811837475982057) 0.02 (LAM -0.4688383482277082 0.6 -0.6811837475982057)
SPHERE (-0.4844662931686319 0.62 -0.7038898725181458) 0.02 (LAM -0.4844662931686319 0.62 -0.7038898725181458)
SPHERE (-0.5000942381095554 0.64 -0.726595997438086) 0.02 (LAM -0.5000942381095554 0.64 -0.726595997438086)
SPHERE (-0.515722183050479 0.66 -0.7493021223580262) 0.02 (LAM -0.515722183050479 0.66 -0.7493021223580262)
SPHERE (-0.5313501279914027 0.68 -0.7720082472779662) 0.02 (LAM -0.5313501279914027 0.68 -0.7720082472779662)
SPHERE (-0.5469780729323263 0.7 -0.7947143721979066) 0.02 (LAM -0.5469780729323263 0.7 -0.7947143721979066)
SPHERE (-0.5626060178732498 0.72 -0.8174204971178467) 0.02 (LAM -0.5626060178732498 0.72 -0.8174204971178467)
SPHERE (-0.5782339628141735 0.74 -0.8401266220377869) 0.02 (LAM -0.5782339628141735 0.74 -0.8401266220377869)
SPHERE (-0.5938619077550971 0.76 -0.8628327469577272) 0.02 (LAM -0.5938619077550971 0.76 -0.8628327469577272)
SPHERE (-0.6094898526960207 0.78 -0.8855388718776673) 0.02 (LAM -0.6094898526960207 0.78 -0.8855388718776673)
SPHERE (-0.6251177976369443 0.8 -0.9082449967976075) 0.02 (LAM -0.6251177976369443 0.8 -0.9082449967976075)
SPHERE (-0.640745742577868 0.82 -0.9309511217175477) 0.02 (LAM -0.640745742577868 0.82 -0.9309511217175477)
SPHERE (-0.6563736875187915 0.84 -0.9536572466374877) 0.02 (LAM -0.6563736875187915 0.84 -0.9536572466374877)
SPHERE (-0.6720016324597151 0.86 -0.976363371557428) 0.02 (LAM -0.6720016324597151 0.86 -0.976363371557428)
SPHERE (-0.6876295774006388 0.88 -0.9990694964773682) 0.02 (LAM -0.6876295774006388 0.88 -0.9990694964773682)
SPHERE (-0.7032575223415624 0.9 -1.0217756213973084) 0.02 (LAM -0.7032575223415624 0.9 -1.0217756213973084)
SPHERE (-0.718885467282486 0.92 -1.0444817463172487) 0.02 (LAM -0.718885467282486 0.92 -1.0444817463172487)
SPHERE (-0.7345134122234096 0.94 -1.0671878712371887) 0.02 (LAM -0.7345134122234096 0.94 -1.0671878712371887)
SPHERE (-0.7501413571643332 0.96 -1.089893996157129) 0.02 (LAM -0.7501413571643332 0.96 -1.089893996157129)
SPHERE (-0.7657693021052567 0.98 -1.112600121077069) 0.02 (LAM -0.7657693021052567 0.98 -1.112600121077069)
SPHERE (-0.023574718172726054 0.02 0.01491775807376718) 0.02 (LAM -0.023574718172726054 0.02 0.01491775807376718)
SPHERE (-0.04714943634545211 0.04 0.02983551614753436) 0.02 (LAM -0.04714943634545211 0.04 0.02983551614753436)
SPHERE (-0.07072415451817816 0.06 0.04475327422130154) 0.02 (LAM -0.07072415451817816 0.06 0.04475327422130154)
SPHERE (-0.09429887269090421 0.08 0.05967103229506872) 0.02 (LAM -0.09429887269090421 0.08 0.05967103229506872)
SPHERE (-0.11787359086363028 0.1 0.0745887903688359) 0.02 (LAM -0.11787359086363028 0.1 0.0745887903688359)
SPHERE (-0.14144830903635633 0.12 0.08950654844260308) 0.02 (LAM -0.14144830903635633 0.12 0.08950654844260308)
SPHERE (-0.1650230272090824 0.14 0.10442430651637025) 0.02 (LAM -0.1650230272090824 0.14 0.10442430651637025)
SPHERE (-0.18859774538180843 0.16 0.11934206459013744) 0.02 (LAM -0.18859774538180843 0.16 0.11934206459013744)
SPHERE (-0.21217246355453448 0.18 0.13425982266390463) 0.02 (LAM -0.21217246355453448 0.18 0.13425982266390463)
SPHERE (-0.23574718172726056 0.2 0.1491775807376718) 0.02 (LAM -0.23574718172726056 0.2 0.1491775807376718)
SPHERE (-0.2593218998999866 0.22 0.16409533881143898) 0.02 (LAM -0.2593218998999866 0.22 0.16409533881143898)
SPHERE (-0.28289661807271266 0.24 0.17901309688520617) 0.02 (LAM -0.28289661807271266 0.24 0.17901309688520617)
SPHERE (-0.3064713362454387 0.26 0.19393085495897336) 0.02 (LAM -0.3064713362454387 0.26 0.19393085495897336)
SPHERE (-0.3300460544181648 0.28 0.2088486130327405) 0.02 (LAM -0.3300460544181648 0.28 0.2088486130327405)
SPHERE (-0.35362077259089086 0.3 0.22376637110650768) 0.02 (LAM -0.35362077259089086 0.3 0.22376637110650768)
SPHERE (-0.37719549076361686 0.32 0.23868412918027487) 0.02 (LAM -0.37719549076361686 0.32 0.23868412918027487)
SPHERE (-0.4007702089363429 0.34 0.2536018872540421) 0.02 (LAM -0.4007702089363429 0.34 0.2536018872540421)
SPHERE (-0.42434492710906896 0.36 0.26851964532780925) 0.02 (LAM -0.42434492710906896 0.36 0.26851964532780925)
SPHERE (-0.44791964528179506 0.38 0.2834374034015764) 0.02 (LAM -0.44791964528179506 0.38 0.2834374034015764)
SPHERE (-0.4714943634545211 0.4 0.2983551614753436) 0.02 (LAM -0.4714943634545211 0.4 0.2983551614753436)
SPHERE (-0.4950690816272471 0.42 0.3132729195491108) 0.02 (LAM -0.4950690816272471 0.42 0.3132729195491108)
SPHERE (-0.5186437997999732 0.44 0.32819067762287796) 0.02 (LAM -0.5186437997999732 0.44 0.32819067762287796)
SPHERE (-0.5422185179726993 0.46 0.3431084356966451) 0.02 (LAM -0.5422185179726993 0.46 0.3431084356966451)
SPHERE (-0.5657932361454253 0.48 0.35802619377041234) 0.02 (LAM -0.5657932361454253 0.48 0.35802619377041234)
SPHERE (-0.5893679543181514 0.5 0.3729439518441795) 0.02 (LAM -0.5893679543181514 0.5 0.3729439518441795)
SPHERE (-0.6129426724908774 0.52 0.3878617099179467) 0.02 (LAM -0.6129426724908774 0.52 0.3878617099179467)
SPHERE (-0.6365173906636035 0.54 0.4027794679917139) 0.02 (LAM -0.6365173906636035 0.54 0.4027794679917139)
SPHERE (-0.6600921088363296 0.56 0.417697226065481) 0.02 (LAM -0.6600921088363296 0.56 0.417697226065481)
SPHERE (-0.6836668270090556 0.58 0.4326149841392482) 0.02 (LAM -0.6836668270090556 0.58 0.4326149841392482)
SPHERE (-0.7072415451817817 0.6 0.44753274221301537) 0.02 (LAM -0.7072415451817817 0.6 0.44753274221301537)
SPHERE (-0.7308162633545077 0.62 0.4624505002867826) 0.02 (LAM -0.7308162633545077 0.62 0.4624505002867826)
SPHERE (-0.7543909815272337 0.64 0.47736825836054975) 0.02 (LAM -0.7543909815272337 0.64 0.47736825836054975)
SPHERE (-0.7779656996999599 0.66 0.49228601643431696) 0.02 (LAM -0.7779656996999599 0.66 0.49228601643431696)
SPHERE (-0.8015404178726858 0.68 0.5072037745080842) 0.02 (LAM -0.8015404178726858 0.68 0.5072037745080842)
SPHERE (-0.825115136045412 0.7 0.5221215325818513) 0.02 (LAM -0.825115136045412 0.7 0.5221215325818513)
SPHERE (-0.8486898542181379 0.72 0.5370392906556185) 0.02 (LAM -0.8486898542181379 0.72 0.5370392906556185)
SPHERE (-0.872264572390864 0.74 0.5519570487293857) 0.02 (LAM -0.872264572390864 0.74 0.5519570487293857)
SPHERE (-0.8958392905635901 0.76 0.5668748068031528) 0.02 (LAM -0.8958392905635901 0.76 0.5668748068031528)
SPHERE (-0.9194140087363161 0.78 0.58179256487692) 0.02 (LAM -0.9194140087363161 0.78 0.58179256487692)
SPHERE (-0.9429887269090422 0.8 0.5967103229506872) 0.02 (LAM -0.9429887269090422 0.8 0.5967103229506872)
SPHERE (-0.9665634450817683 0.82 0.6116280810244544) 0.02 (LAM -0.9665634450817683 0.82 0.6116280810244544)
SPHERE (-0.9901381632544942 0.84 0.6265458390982216) 0.02 (LAM -0.9901381632544942 0.84 0.6265458390982216)
SPHERE (-1.0137128814272203 0.86 0.6414635971719888) 0.02 (LAM -1.0137128814272203 0.86 0.6414635971719888)
SPHERE (-1.0372875995999464 0.88 0.6563813552457559) 0.02 (LAM -1.0372875995999464 0.88 0.6563813552457559)
SPHERE (-1.0608623177726724 0.9 0.6712991133195232) 0.02 (LAM -1.0608623177726724 0.9 0.6712991133195232)
SPHERE (-1.0844370359453985 0.92 0.6862168713932902) 0.02 (LAM -1.0844370359453985 0.92 0.6862168713932902)
SPHERE (-1.1080117541181245 0.94 0.7011346294670575) 0.02 (LAM -1.1080117541181245 0.94 0.7011346294670575)
SPHERE (-1.1315864722908506 0.96 0.7160523875408247) 0.02 (LAM -1.1315864722908506 0.96 0.7160523875408247)
SPHERE (-1.1551611904635768 0.98 0.7309701456145917) 0.02 (LAM -1.1551611904635768 0.98 0.7309701456145917)
SPHERE (0.023574718172726054 -0.02 -0.01491775807376718) 0.02 (LAM 0.023574718172726054 -0.02 -0.01491775807376718)
SPHERE (0.04714943634545211 -0.04 -0.02983551614753436) 0.02 (LAM 0.04714943634545211 -0.04 -0.02983551614753436)
SPHERE (0.07072415451817816 -0.06 -0.04475327422130154) 0.02 (LAM 0.07072415451817816 -0.06 -0.04475327422130154)
SPHERE (0.09429887269090421 -0.08 -0.05967103229506872) 0.02 (LAM 0.09429887269090421 -0.08 -0.05967103229506872)
SPHERE (0.11787359086363028 -0.1 -0.0745887903688359) 0.02 (LAM 0.11787359086363028 -0.1 -0.0745887903688359)
SPHERE (0.14144830903635633 -0.12 -0.08950654844260308) 0.02 (LAM 0.14144830903635633 -0.12 -0.08950654844260308)
SPHERE (0.1650230272090824 -0.14 -0.10442430651637025) 0.02 (LAM 0.1650230272090824 -0.14 -0.10442430651637025)
SPHERE (0.18859774538180843 -0.16 -0.11934206459013744) 0.02 (LAM 0.18859774538180843 -0.16 -0.11934206459013744)
SPHERE (0.21217246355453448 -0.18 -0.13425982266390463) 0.02 (LAM 0.21217246355453448 -0.18 -0.13425982266390463)
SPHERE (0.23574718172726056 -0.2 -0.1491775807376718) 0.02 (LAM 0.23574718172726056 -0.2 -0.1491775807376718)
SPHERE (0.2593218998999866 -0.22 -0.16409533881143898) 0.02 (LAM 0.2593218998999866 -0.22 -0.16409533881143898)
SPHERE (0.28289661807271266 -0.24 -0.17901309688520617) 0.02 (LAM 0.28289661807271266 -0.24 -0.17901309688520617)
SPHERE (0.3064713362454387 -0.26 -0.19393085495897336) 0.02 (LAM 0.3064713362454387 -0.26 -0.19393085495897336)
SPHERE (0.3300460544181648 -0.28 -0.2088486130327405) 0.02 (LAM 0.3300460544181648 -0.28 -0.2088486130327405)
SPHERE (0.35362077259089086 -0.3 -0.22376637110650768) 0.02 (LAM 0.35362077259089086 -0.3 -0.22376637110650768)
SPHERE (0.37719549076361686 -0.32 -0.23868412918027487) 0.02 (LAM 0.37719549076361686 -0.32 -0.23868412918027487)
SPHERE (0.4007702089363429 -0.34 -0.2536018872540421) 0.02 (LAM 0.4007702089363429 -0.34 -0.2536018872540421)
SPHERE (0.42434492710906896 -0.36 -0.26851964532780925) 0.02 (LAM 0.42434492710906896 -0.36 -0.26851964532780925)
SPHERE (0.44791964528179506 -0.38 -0.2834374034015764) 0.02 (LAM 0.44791964528179506 -0.38 -0.2834374034015764)
SPHERE (0.4714943634545211 -0.4 -0.2983551614753436) 0.02 (LAM 0.4714943634545211 -0.4 -0.2983551614753436)
SPHERE (0.4950690816272471 -0.42 -0.3132729195491108) 0.02 (LAM 0.4950690816272471 -0.42 -0.3132729195491108)
SPHERE (0.5186437997999732 -0.44 -0.32819067762287796) 0.02 (LAM 0.5186437997999732 -0.44 -0.32819067762287796)
SPHERE (0.5422185179726993 -0.46 -0.3431084356966451) 0.02 (LAM 0.5422185179726993 -0.46 -0.3431084356966451)
SPHERE (0.5657932361454253 -0.48 -0.35802619377041234) 0.02 (LAM 0.5657932361454253 -0.48 -0.35802619377041234)
SPHERE (0.5893679543181514 -0.5 -0.3729439518441795) 0.02 (LAM 0.5893679543181514 -0.5 -0.3729439518441795)
SPHERE (0.6129426724908774 -0.52 -0.3878617099179467) 0.02 (LAM 0.6129426724908774 -0.52 -0.3878617099179467)
SPHERE (0.6365173906636035 -0.54 -0.4027794679917139) 0.02 (LAM 0.6365173906636035 -0.54 -0.4027794679917139)
SPHERE (0.6600921088363296 -0.56 -0.417697226065481) 0.02 (LAM 0.6600921088363296 -0.56 -0.417697226065481)
SPHERE (0.6836668270090556 -0.58 -0.4326149841392482) 0.02 (LAM 0.6836668270090556 -0.58 -0.4326149841392482)
SPHERE (0.7072415451817817 -0.6 -0.44753274221301537) 0.02 (LAM 0.7072415451817817 -0.6 -0.44753274221301537)
SPHERE (0.7308162633545077 -0.62 -0.4624505002867826) 0.02 (LAM 0.7308162633545077 -0.62 -0.4624505002867826)
SPHERE (0.7543909815272337 -0.64 -0.47736825836054975) 0.02 (LAM 0.7543909815272337 -0.64 -0.47736825836054975)
SPHERE (0.7779656996999599 -0.66 -0.49228601643431696) 0.02 (LAM 0.7779656996999599 -0.66 -0.49228601643431696)
SPHERE (0.8015404178726858 -0.68 -0.5072037745080842) 0.02 (LAM 0.8015404178726858 -0.68 -0.5072037745080842)
SPHERE (0.825115136045412 -0.7 -0.5221215325818513) 0.02 (LAM 0.825115136045412 -0.7 -0.5221215325818513)
SPHERE (0.8486898542181379 -0.72 -0.5370392906556185) 0.02 (LAM 0.8486898542181379 -0.72 -0.5370392906556185)
SPHERE (0.872264572390864 -0.74 -0.5519570487293857) 0.02 (LAM 0.872264572390864 -0.74 -0.5519570487293857)
SPHERE (0.8958392905635901 -0.76 -0.5668748068031528) 0.02 (LAM 0.8958392905635901 -0.76 -0.5668748068031528)
SPHERE (0.9194140087363161 -0.78 -0.58179256487692) 0.02 (LAM 0.9194140087363161 -0.78 -0.58179256487692)
SPHERE (0.9429887269090422 -0.8 -0.5967103229506872) 0.02 (LAM 0.9429887269090422 -0.8 -0.5967103229506872)
SPHERE (0.9665634450817683 -0.82 -0.6116280810244544) 0.02 (LAM 0.9665634450817683 -0.82 -0.6116280810244544)
SPHERE (0.9901381632544942 -0.84 -0.6265458390982216) 0.02 (LAM 0.9901381632544942 -0.84 -0.6265458390982216)
SPHERE (1.0137128814272203 -0.86 -0.6414635971719888) 0.02 (LAM 1.0137128814272203 -0.86 -0.6414635971719888)
SPHERE (1.0372875995999464 -0.88 -0.6563813552457559) 0.02 (LAM 1.0372875995999464 -0.88 -0.6563813552457559)
SPHERE (1.0608623177726724 -0.9 -0.6712991133195232) 0.02 (LAM 1.0608623177726724 -0.9 -0.6712991133195232)
SPHERE (1.0844370359453985 -0.92 -0.6862168713932902) 0.02 (LAM 1.0844370359453985 -0.92 -0.6862168713932902)
SPHERE (1.1080117541181245 -0.94 -0.7011346294670575) 0.02 (LAM 1.1080117541181245 -0.94 -0.7011346294670575)
SPHERE (1.1315864722908506 -0.96 -0.7160523875408247) 0.02 (LAM 1.1315864722908506 -0.96 -0.7160523875408247)
SPHERE (1.1551611904635768 -0.98 -0.7309701456145917) 0.02 (LAM 1.1551611904635768 -0.98 -0.7309701456145917)
SPHERE (0.015627944940923608 -0.02 0.022706124919940188) 0.02 (LAM 0.015627944940923608 -0.02 0.022706124919940188)
SPHERE (0.031255889881847215 -0.04 0.045412249839880375) 0.02 (LAM 0.031255889881847215 -0.04 0.045412249839880375)
SPHERE (0.04688383482277082 -0.06 0.06811837475982056) 0.02 (LAM 0.04688383482277082 -0.06 0.06811837475982056)
SPHERE (0.06251177976369443 -0.08 0.09082449967976075) 0.02 (LAM 0.06251177976369443 -0.08 0.09082449967976075)
SPHERE (0.07813972470461804 -0.1 0.11353062459970094) 0.02 (LAM 0.07813972470461804 -0.1 0.11353062459970094)
SPHERE (0.09376766964554165 -0.12 0.13623674951964113) 0.02 (LAM 0.09376766964554165 -0.12 0.13623674951964113)
SPHERE (0.10939561458646527 -0.14 0.1589428744395813) 0.02 (LAM 0.10939561458646527 -0.14 0.1589428744395813)
SPHERE (0.12502355952738886 -0.16 0.1816489993595215) 0.02 (LAM 0.12502355952738886 -0.16 0.1816489993595215)
SPHERE (0.14065150446831245 -0.18 0.20435512427946168) 0.02 (LAM 0.14065150446831245 -0.18 0.20435512427946168)
SPHERE (0.15627944940923608 -0.2 0.22706124919940188) 0.02 (LAM 0.15627944940923608 -0.2 0.22706124919940188)
SPHERE (0.1719073943501597 -0.22 0.24976737411934205) 0.02 (LAM 0.1719073943501597 -0.22 0.24976737411934205)
SPHERE (0.1875353392910833 -0.24 0.27247349903928225) 0.02 (LAM 0.1875353392910833 -0.24 0.27247349903928225)
SPHERE (0.2031632842320069 -0.26 0.2951796239592224) 0.02 (LAM 0.2031632842320069 -0.26 0.2951796239592224)
SPHERE (0.21879122917293053 -0.28 0.3178857488791626) 0.02 (LAM 0.21879122917293053 -0.28 0.3178857488791626)
SPHERE (0.2344191741138541 -0.3 0.34059187379910283) 0.02 (LAM 0.2344191741138541 -0.3 0.34059187379910283)
SPHERE (0.2500471190547777 -0.32 0.363297998719043) 0.02 (LAM 0.2500471190547777 -0.32 0.363297998719043)
SPHERE (0.26567506399570134 -0.34 0.3860041236389831) 0.02 (LAM 0.26567506399570134 -0.34 0.3860041236389831)
SPHERE (0.2813030089366249 -0.36 0.40871024855892335) 0.02 (LAM 0.2813030089366249 -0.36 0.40871024855892335)
SPHERE (0.29693095387754853 -0.38 0.4314163734788636) 0.02 (LAM 0.29693095387754853 -0.38 0.4314163734788636)
SPHERE (0.31255889881847215 -0.4 0.45412249839880375) 0.02 (LAM 0.31255889881847215 -0.4 0.45412249839880375)
SPHERE (0.3281868437593958 -0.42 0.47682862331874387) 0.02 (LAM 0.3281868437593958 -0.42 0.47682862331874387)
SPHERE (0.3438147887003194 -0.44 0.4995347482386841) 0.02 (LAM 0.3438147887003194 -0.44 0.4995347482386841)
SPHERE (0.359442733641243 -0.46 0.5222408731586243) 0.02 (LAM 0.359442733641243 -0.46 0.5222408731586243)
SPHERE (0.3750706785821666 -0.48 0.5449469980785645) 0.02 (LAM 0.3750706785821666 -0.48 0.5449469980785645)
SPHERE (0.39069862352309026 -0.5 0.5676531229985047) 0.02 (LAM 0.39069862352309026 -0.5 0.5676531229985047)
SPHERE (0.4063265684640138 -0.52 0.5903592479184449) 0.02 (LAM 0.4063265684640138 -0.52 0.5903592479184449)
SPHERE (0.4219545134049374 -0.54 0.6130653728383851) 0.02 (LAM 0.4219545134049374 -0.54 0.6130653728383851)
SPHERE (0.43758245834586107 -0.56 0.6357714977583252) 0.02 (LAM 0.43758245834586107 -0.56 0.6357714977583252)
SPHERE (0.45321040328678464 -0.58 0.6584776226782654) 0.02 (LAM 0.45321040328678464 -0.58 0.6584776226782654)
SPHERE (0.4688383482277082 -0.6 0.6811837475982057) 0.02 (LAM 0.4688383482277082 -0.6 0.6811837475982057)
SPHERE (0.4844662931686319 -0.62 0.7038898725181458) 0.02 (LAM 0.4844662931686319 -0.62 0.7038898725181458)
SPHERE (0.5000942381095554 -0.64 0.726595997438086) 0.02 (LAM 0.5000942381095554 -0.64 0.726595997438086)
SPHERE (0.515722183050479 -0.66 0.7493021223580262) 0.02 (LAM 0.515722183050479 -0.66 0.7493021223580262)
SPHERE (0.5313501279914027 -0.68 0.7720082472779662) 0.02 (LAM 0.5313501279914027 -0.68 0.7720082472779662)
SPHERE (0.5469780729323263 -0.7 0.7947143721979066) 0.02 (LAM 0.5469780729323263 -0.7 0.7947143721979066)
SPHERE (0.5626060178732498 -0.72 0.8174204971178467) 0.02 (LAM 0.5626060178732498 -0.72 0.8174204971178467)
SPHERE (0.5782339628141735 -0.74 0.8401266220377869) 0.02 (LAM 0.5782339628141735 -0.74 0.8401266220377869)
SPHERE (0.5938619077550971 -0.76 0.8628327469577272) 0.02 (LAM 0.5938619077550971 -0.76 0.8628327469577272)
SPHERE (0.6094898526960207 -0.78 0.8855388718776673) 0.02 (LAM 0.6094898526960207 -0.78 0.8855388718776673)
SPHERE (0.6251177976369443 -0.8 0.9082449967976075) 0.02 (LAM 0.6251177976369443 -0.8 0.9082449967976075)
SPHERE (0.640745742577868 -0.82 0.9309511217175477) 0.02 (LAM 0.640745742577868 -0.82 0.9309511217175477)
SPHERE (0.6563736875187915 -0.84 0.9536572466374877) 0.02 (LAM 0.6563736875187915 -0.84 0.9536572466374877)
SPHERE (0.6720016324597151 -0.86 0.976363371557428) 0.02 (LAM 0.6720016324597151 -0.86 0.976363371557428)
SPHERE (0.6876295774006388 -0.88 0.9990694964773682) 0.02 (LAM 0.6876295774006388 -0.88 0.9990694964773682)
SPHERE (0.7032575223415624 -0.9 1.0217756213973084) 0.02 (LAM 0.7032575223415624 -0.9 1.0217756213973084)
SPHERE (0.718885467282486 -0.92 1.0444817463172487) 0.02 (LAM 0.718885467282486 -0.92 1.0444817463172487)
SPHERE (0.7345134122234096 -0.94 1.0671878712371887) 0.02 (LAM 0.7345134122234096 -0.94 1.0671878712371887)
SPHERE (0.7501413571643332 -0.96 1.089893996157129) 0.02 (LAM 0.7501413571643332 -0.96 1.089893996157129)
SPHERE (0.7657693021052567 -0.98 1.112600121077069) 0.02 (LAM 0.7657693021052567 -0.98 1.112600121077069)
SPHERE (0.023574718172726054 0.02 -0.01491775807376718) 0.02 (LAM 0.023574718172726054 0.02 -0.01491775807376718)
SPHERE (0.04714943634545211 0.04 -0.02983551614753436) 0.02 (LAM 0.04714943634545211 0.04 -0.02983551614753436)
SPHERE (0.07072415451817816 0.06 -0.04475327422130154) 0.02 (LAM 0.07072415451817816 0.06 -0.04475327422130154)
SPHERE (0.09429887269090421 0.08 -0.05967103229506872) 0.02 (LAM 0.09429887269090421 0.08 -0.05967103229506872)
SPHERE (0.11787359086363028 0.1 -0.0745887903688359) 0.02 (LAM 0.11787359086363028 0.1 -0.0745887903688359)
SPHERE (0.14144830903635633 0.12 -0.08950654844260308) 0.02 (LAM 0.14144830903635633 0.12 -0.08950654844260308)
SPHERE (0.1650230272090824 0.14 -0.10442430651637025) 0.02 (LAM 0.1650230272090824 0.14 -0.10442430651637025)
SPHERE (0.18859774538180843 0.16 -0.11934206459013744) 0.02 (LAM 0.18859774538180843 0.16 -0.11934206459013744)
SPHERE (0.21217246355453448 0.18 -0.13425982266390463) 0.02 (LAM 0.21217246355453448 0.18 -0.13425982266390463)
SPHERE (0.23574718172726056 0.2 -0.1491775807376718) 0.02 (LAM 0.23574718172726056 0.2 -0.1491775807376718)
SPHERE (0.2593218998999866 0.22 -0.16409533881143898) 0.02 (LAM 0.2593218998999866 0.22 -0.16409533881143898)
SPHERE (0.28289661807271266 0.24 -0.17901309688520617) 0.02 (LAM 0.28289661807271266 0.24 -0.17901309688520617)
SPHERE (0.3064713362454387 0.26 -0.19393085495897336) 0.02 (LAM 0.3064713362454387 0.26 -0.19393085495897336)
SPHERE (0.3300460544181648 0.28 -0.2088486130327405) 0.02 (LAM 0.3300460544181648 0.28 -0.2088486130327405)
SPHERE (0.35362077259089086 0.3 -0.22376637110650768) 0.02 (LAM 0.35362077259089086 0.3 -0.22376637110650768)
SPHERE (0.37719549076361686 0.32 -0.23868412918027487) 0.02 (LAM 0.37719549076361686 0.32 -0.23868412918027487)
SPHERE (0.4007702089363429 0.34 -0.2536018872540421) 0.02 (LAM 0.4007702089363429 0.34 -0.2536018872540421)
SPHERE (0.42434492710906896 0.36 -0.26851964532780925) 0.02 (LAM 0.42434492710906896 0.36 -0.26851964532780925)
SPHERE (0.44791964528179506 0.38 -0.2834374034015764) 0.02 (LAM 0.44791964528179506 0.38 -0.2834374034015764)
SPHERE (0.4714943634545211 0.4 -0.2983551614753436) 0.02 (LAM 0.4714943634545211 0.4 -0.2983551614753436)
SPHERE (0.4950690816272471 0.42 -0.3132729195491108) 0.02 (LAM 0.4950690816272471 0.42 -0.3132729195491108)
SPHERE (0.5186437997999732 0.44 -0.32819067762287796) 0.02 (LAM 0.5186437997999732 0.44 -0.32819067762287796)
SPHERE (0.5422185179726993 0.46 -0.3431084356966451) 0.02 (LAM 0.5422185179726993 0.46 -0.3431084356966451)
SPHERE (0.5657932361454253 0.48 -0.35802619377041234) 0.02 (LAM 0.5657932361454253 0.48 -0.35802619377041234)
SPHERE (0.5893679543181514 0.5 -0.3729439518441795) 0.02 (LAM 0.5893679543181514 0.5 -0.3729439518441795)
SPHERE (0.6129426724908774 0.52 -0.3878617099179467) 0.02 (LAM 0.6129426724908774 0.52 -0.3878617099179467)
SPHERE (0.6365173906636035 0.54 -0.4027794679917139) 0.02 (LAM 0.6365173906636035 0.54 -0.4027794679917139)
SPHERE (0.6600921088363296 0.56 -0.417697226065481) 0.02 (LAM 0.6600921088363296 0.56 -0.417697226065481)
SPHERE (0.6836668270090556 0.58 -0.4326149841392482) 0.02 (LAM 0.6836668270090556 0.58 -0.4326149841392482)
SPHERE (0.7072415451817817 0.6 -0.44753274221301537) 0.02 (LAM 0.7072415451817817 0.6 -0.44753274221301537)
SPHERE (0.7308162633545077 0.62 -0.4624505002867826) 0.02 (LAM 0.7308162633545077 0.62 -0.4624505002867826)
SPHERE (0.7543909815272337 0.64 -0.47736825836054975) 0.02 (LAM 0.7543909815272337 0.64 -0.47736825836054975)
SPHERE (0.7779656996999599 0.66 -0.49228601643431696) 0.02 (LAM 0.7779656996999599 0.66 -0.49228601643431696)
SPHERE (0.8015404178726858 0.68 -0.5072037745080842) 0.02 (LAM 0.8015404178726858 0.68 -0.5072037745080842)
SPHERE (0.825115136045412 0.7 -0.5221215325818513) 0.02 (LAM 0.825115136045412 0.7 -0.5221215325818513)
SPHERE (0.8486898542181379 0.72 -0.5370392906556185) 0.02 (LAM 0.8486898542181379 0.72 -0.5370392906556185)
SPHERE (0.872264572390864 0.74 -0.5519570487293857) 0.02 (LAM 0.872264572390864 0.74 -0.5519570487293857)
SPHERE (0.8958392905635901 0.76 -0.5668748068031528) 0.02 (LAM 0.8958392905635901 0.76 -0.5668748068031528)
SPHERE (0.9194140087363161 0.78 -0.58179256487692) 0.02 (LAM 0.9194140087363161 0.78 -0.58179256487692)
SPHERE (0.9429887269090422 0.8 -0.5967103229506872) 0.02 (LAM 0.9429887269090422 0.8 -0.5967103229506872)
SPHERE (0.9665634450817683 0.82 -0.6116280810244544) 0.02 (LAM 0.9665634450817683 0.82 -0.6116280810244544)
SPHERE (0.9901381632544942 0.84 -0.6265458390982216) 0.02 (LAM 0.9901381632544942 0.84 -0.6265458390982216)
SPHERE (1.0137128814272203 0.86 -0.6414635971719888) 0.02 (LAM 1.0137128814272203 0.86 -0.6414635971719888)
SPHERE (1.0372875995999464 0.88 -0.6563813552457559) 0.02 (LAM 1.0372875995999464 0.88 -0.6563813552457559)
SPHERE (1.0608623177726724 0.9 -0.6712991133195232) 0.02 (LAM 1.0608623177726724 0.9 -0.6712991133195232)
SPHERE (1.0844370359453985 0.92 -0.6862168713932902) 0.02 (LAM 1.0844370359453985 0.92 -0.6862168713932902)
SPHERE (1.1080117541181245 0.94 -0.7011346294670575) 0.02 (LAM 1.1080117541181245 0.94 -0.7011346294670575)
SPHERE (1.1315864722908506 0.96 -0.7160523875408247) 0.02 (LAM 1.1315864722908506 0.96 -0.7160523875408247)
SPHERE (1.1551611904635768 0.98 -0.7309701456145917) 0.02 (LAM 1.1551611904635768 0.98 -0.7309701456145917)
SPHERE (0.015627944940923608 0.02 0.022706124919940188) 0.02 (LAM 0.015627944940923608 0.02 0.022706124919940188)
SPHERE (0.031255889881847215 0.04 0.045412249839880375) 0.02 (LAM 0.031255889881847215 0.04 0.045412249839880375)
SPHERE (0.04688383482277082 0.06 0.06811837475982056) 0.02 (LAM 0.04688383482277082 0.06 0.06811837475982056)
SPHERE (0.06251177976369443 0.08 0.09082449967976075) 0.02 (LAM 0.06251177976369443 0.08 0.09082449967976075)
SPHERE (0.07813972470461804 0.1 0.11353062459970094) 0.02 (LAM 0.07813972470461804 0.1 0.11353062459970094)
SPHERE (0.09376766964554165 0.12 0.13623674951964113) 0.02 (LAM 0.09376766964554165 0.12 0.13623674951964113)
SPHERE (0.10939561458646527 0.14 0.1589428744395813) 0.02 (LAM 0.10939561458646527 0.14 0.1589428744395813)
SPHERE (0.12502355952738886 0.16 0.1816489993595215) 0.02 (LAM 0.12502355952738886 0.16 0.1816489993595215)
SPHERE (0.14065150446831245 0.18 0.20435512427946168) 0.02 (LAM 0.14065150446831245 0.18 0.20435512427946168)
SPHERE (0.15627944940923608 0.2 0.22706124919940188) 0.02 (LAM 0.15627944940923608 0.2 0.22706124919940188)
SPHERE (0.1719073943501597 0.22 0.24976737411934205) 0.02 (LAM 0.1719073943501597 0.22 0.24976737411934205)
SPHERE (0.1875353392910833 0.24 0.27247349903928225) 0.02 (LAM 0.1875353392910833 0.24 0.27247349903928225)
SPHERE (0.2031632842320069 0.26 0.2951796239592224) 0.02 (LAM 0.2031632842320069 0.26 0.2951796239592224)
SPHERE (0.21879122917293053 0.28 0.3178857488791626) 0.02 (LAM 0.21879122917293053 0.28 0.3178857488791626)
SPHERE (0.2344191741138541 0.3 0.34059187379910283) 0.02 (LAM 0.2344191741138541 0.3 0.34059187379910283)
SPHERE (0.2500471190547777 0.32 0.363297998719043) 0.02 (LAM 0.2500471190547777 0.32 0.363297998719043)
SPHERE (0.26567506399570134 0.34 0.3860041236389831) 0.02 (LAM 0.26567506399570134 0.34 0.3860041236389831)
SPHERE (0.2813030089366249 0.36 0.40871024855892335) 0.02 (LAM 0.2813030089366249 0.36 0.40871024855892335)
SPHERE (0.29693095387754853 0.38 0.4314163734788636) 0.02 (LAM 0.29693095387754853 0.38 0.4314163734788636)
SPHERE (0.31255889881847215 0.4 0.45412249839880375) 0.02 (LAM 0.31255889881847215 0.4 0.45412249839880375)
SPHERE (0.3281868437593958 0.42 0.47682862331874387) 0.02 (LAM 0.3281868437593958 0.42 0.47682862331874387)
SPHERE (0.3438147887003194 0.44 0.4995347482386841) 0.02 (LAM 0.3438147887003194 0.44 0.4995347482386841)
SPHERE (0.359442733641243 0.46 0.5222408731586243) 0.02 (LAM 0.359442733641243 0.46 0.5222408731586243)
SPHERE (0.3750706785821666 0.48 0.5449469980785645) 0.02 (LAM 0.3750706785821666 0.48 0.5449469980785645)
SPHERE (0.39069862352309026 0.5 0.5676531229985047) 0.02 (LAM 0.39069862352309026 0.5 0.5676531229985047)
SPHERE (0.4063265684640138 0.52 0.5903592479184449) 0.02 (LAM 0.4063265684640138 0.52 0.5903592479184449)
SPHERE (0.4219545134049374 0.54 0.6130653728383851) 0.02 (LAM 0.4219545134049374 0.54 0.6130653728383851)
SPHERE (0.43758245834586107 0.56 0.6357714977583252) 0.02 (LAM 0.43758245834586107 0.56 0.6357714977583252)
SPHERE (0.45321040328678464 0.58 0.6584776226782654) 0.02 (LAM 0.45321040328678464 0.58 0.6584776226782654)
SPHERE (0.4688383482277082 0.6 0.6811837475982057) 0.02 (LAM 0.4688383482277082 0.6 0.6811837475982057)
SPHERE (0.4844662931686319 0.62 0.7038898725181458) 0.02 (LAM 0.4844662931686319 0.62 0.7038898725181458)
SPHERE (0.5000942381095554 0.64 0.726595997438086) 0.02 (LAM 0.5000942381095554 0.64 0.726595997438086)
SPHERE (0.515722183050479 0.66 0.7493021223580262) 0.02 (LAM 0.515722183050479 0.66 0.7493021223580262)
SPHERE (0.5313501279914027 0.68 0.7720082472779662) 0.02 (LAM 0.5313501279914027 0.68 0.7720082472779662)
SPHERE (0.5469780729323263 0.7 0.7947143721979066) 0.02 (LAM 0.5469780729323263 0.7 0.7947143721979066)
SPHERE (0.5626060178732498 0.72 0.8174204971178467) 0.02 (LAM 0.5626060178732498 0.72 0.8174204971178467)
SPHERE (0.5782339628141735 0.74 0.8401266220377869) 0.02 (LAM 0.5782339628141735 0.74 0.8401266220377869)
SPHERE (0.5938619077550971 0.76 0.8628327469577272) 0.02 (LAM 0.5938619077550971 0.76 0.8628327469577272)
SPHERE (0.6094898526960207 0.78 0.8855388718776673) 0.02 (LAM 0.6094898526960207 0.78 0.8855388718776673)
SPHERE (0.6251177976369443 0.8 0.9082449967976075) 0.02 (LAM 0.6251177976369443 0.8 0.9082449967976075)
SPHERE (0.640745742577868 0.82 0.9309511217175477) 0.02 (LAM 0.640745742577868 0.82 0.9309511217175477)
SPHERE (0.6563736875187915 0.84 0.9536572466374877) 0.02 (LAM 0.6563736875187915 0.84 0.9536572466374877)
SPHERE (0.6720016324597151 0.86 0.976363371557428) 0.02 (LAM 0.6720016324597151 0.86 0.976363371557428)
SPHERE (0.6876295774006388 0.88 0.9990694964773682) 0.02 (LAM 0.6876295774006388 0.88 0.9990694964773682)
SPHERE (0.7032575223415624 0.9 1.0217756213973084) 0.02 (LAM 0.7032575223415624 0.9 1.0217756213973084)
SPHERE (0.718885467282486 0.92 1.0444817463172487) 0.02 (LAM 0.718885467282486 0.92 1.0444817463172487)
SPHERE (0.7345134122234096 0.94 1.0671878712371887) 0.02 (LAM 0.7345134122234096 0.94 1.0671878712371887)
SPHERE (0.7501413571643332 0.96 1.089893996157129) 0.02 (LAM 0.7501413571643332 0.96 1.089893996157129)
SPHERE (0.7657693021052567 0.98 1.112600121077069) 0.02 (LAM 0.7657693021052567 0.98 1.112600121077069)
